<?xml version="1.0" encoding="UTF-8"?>
<!-- Generated by org.testng.reporters.JUnitXMLReporter -->
<testsuite ignored="0" hostname="DESKTOP-EHBRN89" failures="0" tests="1" name="Testing in firefox browser" time="0.321" errors="0" timestamp="2022-01-09T20:26:39 IST">
  <testcase classname="Automation" name="@BeforeTest startTest" time="0.002">
    <failure type="java.io.FileNotFoundException" message="C:\Users\USER\Downloads\Programs\Automation\Data.xlsx (The system cannot find the path specified)">
      <![CDATA[java.io.FileNotFoundException: C:\Users\USER\Downloads\Programs\Automation\Data.xlsx (The system cannot find the path specified)
at java.base/java.io.FileInputStream.open0(Native Method)
at java.base/java.io.FileInputStream.open(FileInputStream.java:216)
at java.base/java.io.FileInputStream.<init>(FileInputStream.java:157)
at java.base/java.io.FileInputStream.<init>(FileInputStream.java:111)
at ExcelWriter.<init>(ExcelWriter.java:18)
at Automation.startTest(Automation.java:26)
... Removed 24 stack frames]]>
    </failure>
  </testcase> <!-- @BeforeTest startTest -->
  <testcase classname="Automation" name="@AfterTest quit" time="-1.64174019976E9">
    <skipped/>
  </testcase> <!-- @AfterTest quit -->
  <testcase classname="Automation" name="runScript" time="0.0">
    <skipped/>
  </testcase> <!-- runScript -->
</testsuite> <!-- Testing in firefox browser -->
